
Showing logs for build [32mcb-kubecd-environment-pr-478-4-r9r9k-3[0m stage [32mfrom-build-pack[0m and container [32mstep-credential-initializer-cv6sz[0m
{"level":"warn","ts":1585674320.5943685,"logger":"fallback-logger","caller":"logging/config.go:69","msg":"Fetch GitHub commit ID from kodata failed: \"ref: refs/heads/0.8.0-**-support-backwards-incompats\" is not a valid GitHub commit ID"}
{"level":"info","ts":1585674320.5948408,"logger":"fallback-logger","caller":"creds-init/main.go:40","msg":"Credentials initialized."}

Showing logs for build [32mcb-kubecd-environment-pr-478-4-r9r9k-3[0m stage [32mfrom-build-pack[0m and container [32mstep-working-dir-initializer-brqbw[0m
{"level":"warn","ts":1585674322.8859162,"logger":"fallback-logger","caller":"logging/config.go:69","msg":"Fetch GitHub commit ID from kodata failed: open /var/run/ko/HEAD: no such file or directory"}
{"level":"info","ts":1585674322.897812,"logger":"fallback-logger","caller":"bash/main.go:64","msg":"Successfully executed command \"sh -c mkdir -p /workspace/source\"; output "}

Showing logs for build [32mcb-kubecd-environment-pr-478-4-r9r9k-3[0m stage [32mfrom-build-pack[0m and container [32mstep-place-tools[0m

Showing logs for build [32mcb-kubecd-environment-pr-478-4-r9r9k-3[0m stage [32mfrom-build-pack[0m and container [32mstep-git-source-cb-kubecd-environment-pr-478-4-r9r9k-7njh6[0m
{"level":"warn","ts":1585674329.5099227,"logger":"fallback-logger","caller":"logging/config.go:69","msg":"Fetch GitHub commit ID from kodata failed: \"ref: refs/heads/0.8.0-**-support-backwards-incompats\" is not a valid GitHub commit ID"}
{"level":"info","ts":1585674330.6360295,"logger":"fallback-logger","caller":"git/git.go:103","msg":"Successfully cloned https://github.com/cb-kubecd/environment-pr-478-4-bdd-frontend-staging.git @ master in path /workspace/source"}

Showing logs for build [32mcb-kubecd-environment-pr-478-4-r9r9k-3[0m stage [32mfrom-build-pack[0m and container [32mstep-git-merge[0m
Using SHAs from PULL_REFS=master:4cc1fa7c7f795bc080fdd6b8b147b9dc0cf73a81,1:18cf1cb0d4507511488d5acf232426e30140ac34
DEBUG: LC_ALL=C JX_LOG_LEVEL=error git fetch origin --unshallow 18cf1cb0d4507511488d5acf232426e30140ac34: 4cc1fa7c7f795bc080fdd6b8b147b9dc0cf73a81:
DEBUG: ran git fetch --unshallow origin 18cf1cb0d4507511488d5acf232426e30140ac34: 4cc1fa7c7f795bc080fdd6b8b147b9dc0cf73a81: in 
DEBUG: LC_ALL=C JX_LOG_LEVEL=error git branch
DEBUG: LC_ALL=C JX_LOG_LEVEL=error git checkout master
DEBUG: ran git checkout master in 
DEBUG: LC_ALL=C JX_LOG_LEVEL=error git reset --hard 4cc1fa7c7f795bc080fdd6b8b147b9dc0cf73a81
DEBUG: ran git reset --hard 4cc1fa7c7f795bc080fdd6b8b147b9dc0cf73a81 in 
DEBUG: LC_ALL=C JX_LOG_LEVEL=error git clean -fd .
DEBUG: ran clean --force -d . in 
DEBUG: LC_ALL=C JX_LOG_LEVEL=error git merge 18cf1cb0d4507511488d5acf232426e30140ac34
DEBUG: ran git merge 18cf1cb0d4507511488d5acf232426e30140ac34 in 
DEBUG: LC_ALL=C JX_LOG_LEVEL=error git log --format=%H%x1f%an%x1f%ae%x1f%cn%x1f%ce%x1f%s%n%b%x1e 4cc1fa7c7f795bc080fdd6b8b147b9dc0cf73a81..HEAD

Showing logs for build [32mcb-kubecd-environment-pr-478-4-r9r9k-3[0m stage [32mfrom-build-pack[0m and container [32mstep-build-helm-build[0m
WARNING: No $CHART_REPOSITORY defined so using the default value of: http://jenkins-x-chartmuseum:8080
Adding missing Helm repo: storage.googleapis.com https://storage.googleapis.com/chartmuseum.jenkins-x.io
WARNING: No secrets found on "helm/repos" due: reading the secret "helm/repos" from vault: no secret "helm/repos" not found in vault
Read credentials for https://storage.googleapis.com/chartmuseum.jenkins-x.io from vault helm/repos
Successfully added Helm repository storage.googleapis.com.
Adding missing Helm repo: jenkins-x-chartmuseum http://jenkins-x-chartmuseum:8080
WARNING: No secrets found on "helm/repos" due: reading the secret "helm/repos" from vault: no secret "helm/repos" not found in vault
Read credentials for http://jenkins-x-chartmuseum:8080 from vault helm/repos
Successfully added Helm repository jenkins-x-chartmuseum.
WARNING: No $CHART_REPOSITORY defined so using the default value of: http://jenkins-x-chartmuseum:8080
Adding missing Helm repo: chartmuseum.jenkins-x.io http://chartmuseum.jenkins-x.io
WARNING: No secrets found on "helm/repos" due: reading the secret "helm/repos" from vault: no secret "helm/repos" not found in vault
Read credentials for http://chartmuseum.jenkins-x.io from vault helm/repos
Successfully added Helm repository chartmuseum.jenkins-x.io.
